c:\users\haris\documents\visual studio 2013\projects\engine\engine\debug\vc120.pdb
c:\users\haris\documents\visual studio 2013\projects\engine\engine\debug\vc120.idb
c:\users\haris\documents\visual studio 2013\projects\engine\engine\debug\cameraclass.obj
c:\users\haris\documents\visual studio 2013\projects\engine\engine\debug\colorshaderclass.obj
c:\users\haris\documents\visual studio 2013\projects\engine\engine\debug\d3dclass.obj
c:\users\haris\documents\visual studio 2013\projects\engine\engine\debug\graphicsclass.obj
c:\users\haris\documents\visual studio 2013\projects\engine\engine\debug\inputclass.obj
c:\users\haris\documents\visual studio 2013\projects\engine\engine\debug\modelclass.obj
c:\users\haris\documents\visual studio 2013\projects\engine\engine\debug\systemclass.obj
c:\users\haris\documents\visual studio 2013\projects\engine\engine\debug\winmain.obj
c:\users\haris\documents\github\engine\engine\debug\vc120.pdb
c:\users\haris\documents\github\engine\engine\debug\vc120.idb
c:\users\haris\documents\github\engine\engine\debug\cameraclass.obj
c:\users\haris\documents\github\engine\engine\debug\colorshaderclass.obj
c:\users\haris\documents\github\engine\engine\debug\d3dclass.obj
c:\users\haris\documents\github\engine\engine\debug\graphicsclass.obj
c:\users\haris\documents\github\engine\engine\debug\inputclass.obj
c:\users\haris\documents\github\engine\engine\debug\modelclass.obj
c:\users\haris\documents\github\engine\engine\debug\systemclass.obj
c:\users\haris\documents\github\engine\engine\debug\winmain.obj
c:\users\haris\documents\visual studio 2013\projects\engine\debug\engine.ilk
c:\users\haris\documents\visual studio 2013\projects\engine\debug\engine.exe
c:\users\haris\documents\visual studio 2013\projects\engine\debug\engine.pdb
c:\users\haris\documents\github\engine\debug\engine.pdb
c:\users\haris\documents\github\engine\engine\debug\engine.tlog\cl.command.1.tlog
c:\users\haris\documents\github\engine\engine\debug\engine.tlog\cl.read.1.tlog
c:\users\haris\documents\github\engine\engine\debug\engine.tlog\cl.write.1.tlog
c:\users\haris\documents\github\engine\engine\debug\engine.tlog\link.command.1.tlog
c:\users\haris\documents\github\engine\engine\debug\engine.tlog\link.read.1.tlog
c:\users\haris\documents\github\engine\engine\debug\engine.tlog\link.write.1.tlog
