c:\users\haris\documents\visual studio 2015\projects\engine\engine\x64\debug\vc140.pdb
c:\users\haris\documents\visual studio 2015\projects\engine\engine\x64\debug\vc140.idb
c:\users\haris\documents\visual studio 2015\projects\engine\engine\x64\debug\camera.obj
c:\users\haris\documents\visual studio 2015\projects\engine\engine\x64\debug\colorshader.obj
c:\users\haris\documents\visual studio 2015\projects\engine\engine\x64\debug\d3d.obj
c:\users\haris\documents\visual studio 2015\projects\engine\engine\x64\debug\graphic.obj
c:\users\haris\documents\visual studio 2015\projects\engine\engine\x64\debug\input.obj
c:\users\haris\documents\visual studio 2015\projects\engine\engine\x64\debug\light.obj
c:\users\haris\documents\visual studio 2015\projects\engine\engine\x64\debug\lightshader.obj
c:\users\haris\documents\visual studio 2015\projects\engine\engine\x64\debug\model.obj
c:\users\haris\documents\visual studio 2015\projects\engine\engine\x64\debug\system.obj
c:\users\haris\documents\visual studio 2015\projects\engine\engine\x64\debug\texture.obj
c:\users\haris\documents\visual studio 2015\projects\engine\engine\x64\debug\winmain.obj
c:\users\haris\documents\visual studio 2015\projects\engine\x64\debug\engine.ilk
c:\users\haris\documents\visual studio 2015\projects\engine\x64\debug\engine.exe
c:\users\haris\documents\visual studio 2015\projects\engine\x64\debug\engine.pdb
c:\users\haris\documents\github\engine\engine\engine\x64\debug\camera.obj
c:\users\haris\documents\github\engine\engine\engine\x64\debug\colorshader.obj
c:\users\haris\documents\github\engine\engine\engine\x64\debug\d3d.obj
c:\users\haris\documents\github\engine\engine\engine\x64\debug\graphic.obj
c:\users\haris\documents\github\engine\engine\engine\x64\debug\input.obj
c:\users\haris\documents\github\engine\engine\engine\x64\debug\light.obj
c:\users\haris\documents\github\engine\engine\engine\x64\debug\lightshader.obj
c:\users\haris\documents\github\engine\engine\engine\x64\debug\model.obj
c:\users\haris\documents\github\engine\engine\engine\x64\debug\system.obj
c:\users\haris\documents\github\engine\engine\engine\x64\debug\texture.obj
c:\users\haris\documents\github\engine\engine\engine\x64\debug\winmain.obj
c:\users\haris\documents\github\engine\engine\engine\x64\debug\vc140.idb
c:\users\haris\documents\github\engine\engine\engine\x64\debug\vc140.pdb
c:\users\haris\documents\github\engine\engine\engine\x64\debug\engine.tlog\cl.command.1.tlog
c:\users\haris\documents\github\engine\engine\engine\x64\debug\engine.tlog\cl.read.1.tlog
c:\users\haris\documents\github\engine\engine\engine\x64\debug\engine.tlog\cl.write.1.tlog
c:\users\haris\documents\github\engine\engine\engine\x64\debug\engine.tlog\link-vctip.delete.1.tlog
c:\users\haris\documents\github\engine\engine\engine\x64\debug\engine.tlog\link-vctip.delete.13.tlog
c:\users\haris\documents\github\engine\engine\engine\x64\debug\engine.tlog\link-vctip.delete.14.tlog
c:\users\haris\documents\github\engine\engine\engine\x64\debug\engine.tlog\link-vctip.delete.30.tlog
c:\users\haris\documents\github\engine\engine\engine\x64\debug\engine.tlog\link-vctip.delete.45.tlog
c:\users\haris\documents\github\engine\engine\engine\x64\debug\engine.tlog\link-vctip.delete.46.tlog
c:\users\haris\documents\github\engine\engine\engine\x64\debug\engine.tlog\link-vctip.delete.53.tlog
c:\users\haris\documents\github\engine\engine\engine\x64\debug\engine.tlog\link-vctip.delete.54.tlog
c:\users\haris\documents\github\engine\engine\engine\x64\debug\engine.tlog\link-vctip.delete.66.tlog
c:\users\haris\documents\github\engine\engine\engine\x64\debug\engine.tlog\link.command.1.tlog
c:\users\haris\documents\github\engine\engine\engine\x64\debug\engine.tlog\link.read.1.tlog
c:\users\haris\documents\github\engine\engine\engine\x64\debug\engine.tlog\link.write.1.tlog
